0 info it worked if it ends with ok
1 verbose cli [ '/usr/local/bin/node',
1 verbose cli   '/usr/local/bin/npm',
1 verbose cli   'install',
1 verbose cli   'qoder-file',
1 verbose cli   '--save' ]
2 info using npm@3.3.12
3 info using node@v5.2.0
4 silly loadCurrentTree Starting
5 silly install loadCurrentTree
6 silly install readLocalPackageData
7 silly fetchPackageMetaData qoder-file
8 silly fetchNamedPackageData qoder-file
9 silly mapToRegistry name qoder-file
10 silly mapToRegistry using default registry
11 silly mapToRegistry registry http://registry.npmjs.org/
12 silly mapToRegistry uri http://registry.npmjs.org/qoder-file
13 verbose request uri http://registry.npmjs.org/qoder-file
14 verbose request no auth needed
15 info attempt registry request try #1 at 23:57:26
16 verbose request using bearer token for auth
17 verbose request id 32ca91c3ccb15109
18 verbose etag W/"586e6cbd-581"
19 verbose lastModified Thu, 05 Jan 2017 15:56:45 GMT
20 http request GET http://registry.npmjs.org/qoder-file
21 http 304 http://registry.npmjs.org/qoder-file
22 verbose headers { server: 'nginx/1.10.1',
22 verbose headers   'last-modified': 'Thu, 05 Jan 2017 15:56:45 GMT',
22 verbose headers   etag: '"586e6cbd-581"',
22 verbose headers   'cache-control': 'max-age=300',
22 verbose headers   'accept-ranges': 'bytes',
22 verbose headers   date: 'Thu, 05 Jan 2017 15:57:27 GMT',
22 verbose headers   via: '1.1 varnish',
22 verbose headers   connection: 'keep-alive',
22 verbose headers   'x-served-by': 'cache-nrt6129-NRT',
22 verbose headers   'x-cache': 'MISS',
22 verbose headers   'x-cache-hits': '0',
22 verbose headers   'x-timer': 'S1483631846.542781,VS0,VE487',
22 verbose headers   vary: 'Accept-Encoding' }
23 silly get cb [ 304,
23 silly get   { server: 'nginx/1.10.1',
23 silly get     'last-modified': 'Thu, 05 Jan 2017 15:56:45 GMT',
23 silly get     etag: '"586e6cbd-581"',
23 silly get     'cache-control': 'max-age=300',
23 silly get     'accept-ranges': 'bytes',
23 silly get     date: 'Thu, 05 Jan 2017 15:57:27 GMT',
23 silly get     via: '1.1 varnish',
23 silly get     connection: 'keep-alive',
23 silly get     'x-served-by': 'cache-nrt6129-NRT',
23 silly get     'x-cache': 'MISS',
23 silly get     'x-cache-hits': '0',
23 silly get     'x-timer': 'S1483631846.542781,VS0,VE487',
23 silly get     vary: 'Accept-Encoding' } ]
24 verbose etag http://registry.npmjs.org/qoder-file from cache
25 verbose get saving qoder-file to /home/qoder/.npm/registry.npmjs.org/qoder-file/.cache.json
26 silly install normalizeTree
27 silly loadCurrentTree Finishing
28 silly loadIdealTree Starting
29 silly install loadIdealTree
30 silly cloneCurrentTree Starting
31 silly install cloneCurrentTreeToIdealTree
32 silly cloneCurrentTree Finishing
33 silly loadShrinkwrap Starting
34 silly install loadShrinkwrap
35 silly loadShrinkwrap Finishing
36 silly loadAllDepsIntoIdealTree Starting
37 silly install loadAllDepsIntoIdealTree
38 silly rollbackFailedOptional Starting
39 silly rollbackFailedOptional Finishing
40 silly runTopLevelLifecycles Starting
41 silly runTopLevelLifecycles Finishing
42 silly install printInstalled
43 verbose stack Error: Refusing to install qoder-file as a dependency of itself
43 verbose stack     at checkSelf (/usr/local/lib/node_modules/npm/lib/install/validate-args.js:40:14)
43 verbose stack     at Array.<anonymous> (/usr/local/lib/node_modules/npm/node_modules/slide/lib/bind-actor.js:15:8)
43 verbose stack     at LOOP (/usr/local/lib/node_modules/npm/node_modules/slide/lib/chain.js:15:14)
43 verbose stack     at chain (/usr/local/lib/node_modules/npm/node_modules/slide/lib/chain.js:20:5)
43 verbose stack     at /usr/local/lib/node_modules/npm/lib/install/validate-args.js:15:5
43 verbose stack     at /usr/local/lib/node_modules/npm/node_modules/slide/lib/async-map.js:52:35
43 verbose stack     at Array.forEach (native)
43 verbose stack     at /usr/local/lib/node_modules/npm/node_modules/slide/lib/async-map.js:52:11
43 verbose stack     at Array.forEach (native)
43 verbose stack     at asyncMap (/usr/local/lib/node_modules/npm/node_modules/slide/lib/async-map.js:51:8)
44 verbose cwd /home/qoder/WebstormProjects/rwFile
45 error Linux 4.4.0-47-generic
46 error argv "/usr/local/bin/node" "/usr/local/bin/npm" "install" "qoder-file" "--save"
47 error node v5.2.0
48 error npm  v3.3.12
49 error code ENOSELF
50 error Refusing to install qoder-file as a dependency of itself
51 error If you need help, you may report this error at:
51 error     <https://github.com/npm/npm/issues>
52 verbose exit [ 1, true ]
