0 info it worked if it ends with ok
1 verbose cli [ '/usr/local/bin/node',
1 verbose cli   '/usr/local/bin/npm',
1 verbose cli   'install',
1 verbose cli   'fs',
1 verbose cli   '--save' ]
2 info using npm@3.3.12
3 info using node@v5.2.0
4 silly loadCurrentTree Starting
5 silly install loadCurrentTree
6 silly install readLocalPackageData
7 silly fetchPackageMetaData fs
8 silly fetchNamedPackageData fs
9 silly mapToRegistry name fs
10 silly mapToRegistry using default registry
11 silly mapToRegistry registry https://registry.npm.taobao.org/
12 silly mapToRegistry uri https://registry.npm.taobao.org/fs
13 verbose request uri https://registry.npm.taobao.org/fs
14 verbose request no auth needed
15 info attempt registry request try #1 at 23:02:21
16 verbose request id 7a07761f2e64db66
17 verbose etag "f64-cJCwFWwVxjTZWrnCoIkOsA"
18 http request GET https://registry.npm.taobao.org/fs
19 http 304 https://registry.npm.taobao.org/fs
20 verbose headers { date: 'Thu, 05 Jan 2017 15:02:21 GMT',
20 verbose headers   connection: 'keep-alive',
20 verbose headers   'x-current-requests': '1',
20 verbose headers   etag: '"f64-cJCwFWwVxjTZWrnCoIkOsA"',
20 verbose headers   'x-readtime': '19' }
21 silly get cb [ 304,
21 silly get   { date: 'Thu, 05 Jan 2017 15:02:21 GMT',
21 silly get     connection: 'keep-alive',
21 silly get     'x-current-requests': '1',
21 silly get     etag: '"f64-cJCwFWwVxjTZWrnCoIkOsA"',
21 silly get     'x-readtime': '19' } ]
22 verbose etag https://registry.npm.taobao.org/fs from cache
23 verbose get saving fs to /home/qoder/.npm/registry.npm.taobao.org/fs/.cache.json
24 silly install normalizeTree
25 silly loadCurrentTree Finishing
26 silly loadIdealTree Starting
27 silly install loadIdealTree
28 silly cloneCurrentTree Starting
29 silly install cloneCurrentTreeToIdealTree
30 silly cloneCurrentTree Finishing
31 silly loadShrinkwrap Starting
32 silly install loadShrinkwrap
33 silly loadShrinkwrap Finishing
34 silly loadAllDepsIntoIdealTree Starting
35 silly install loadAllDepsIntoIdealTree
36 silly resolveWithNewModule fs@0.0.0 checking installable status
37 silly cache add args [ 'fs', null ]
38 verbose cache add spec fs
39 silly cache add parsed spec Result {
39 silly cache add   raw: 'fs',
39 silly cache add   scope: null,
39 silly cache add   name: 'fs',
39 silly cache add   rawSpec: '',
39 silly cache add   spec: '*',
39 silly cache add   type: 'range' }
40 silly addNamed fs@*
41 verbose addNamed "*" is a valid semver range for fs
42 silly addNameRange { name: 'fs', range: '*', hasData: false }
43 silly mapToRegistry name fs
44 silly mapToRegistry using default registry
45 silly mapToRegistry registry https://registry.npm.taobao.org/
46 silly mapToRegistry uri https://registry.npm.taobao.org/fs
47 verbose addNameRange registry:https://registry.npm.taobao.org/fs not in flight; fetching
48 verbose get https://registry.npm.taobao.org/fs not expired, no request
49 silly addNameRange number 2 { name: 'fs', range: '*', hasData: true }
50 silly addNameRange versions [ 'fs', [ '0.0.2', '0.0.0', '0.0.1-security' ] ]
51 silly addNamed fs@0.0.2
52 verbose addNamed "0.0.2" is a plain semver version for fs
53 silly cache afterAdd fs@0.0.2
54 verbose afterAdd /home/qoder/.npm/fs/0.0.2/package/package.json not in flight; writing
55 verbose afterAdd /home/qoder/.npm/fs/0.0.2/package/package.json written
56 silly rollbackFailedOptional Starting
57 silly rollbackFailedOptional Finishing
58 silly runTopLevelLifecycles Starting
59 silly runTopLevelLifecycles Finishing
60 silly install printInstalled
61 verbose stack Error: Error extracting /home/qoder/.npm/fs/0.0.0/package.tgz archive: ENOENT: no such file or directory, open '/home/qoder/.npm/fs/0.0.0/package.tgz'
61 verbose stack     at ReadStream.<anonymous> (/usr/local/lib/node_modules/npm/lib/fetch-package-metadata.js:286:10)
61 verbose stack     at emitOne (events.js:78:13)
61 verbose stack     at ReadStream.emit (events.js:170:7)
61 verbose stack     at /usr/local/lib/node_modules/npm/node_modules/graceful-fs/graceful-fs.js:179:14
61 verbose stack     at /usr/local/lib/node_modules/npm/node_modules/graceful-fs/graceful-fs.js:230:16
61 verbose stack     at FSReqWrap.oncomplete (fs.js:83:15)
62 verbose cwd /home/qoder/WebstormProjects/read-write-file/lib
63 error Linux 4.4.0-47-generic
64 error argv "/usr/local/bin/node" "/usr/local/bin/npm" "install" "fs" "--save"
65 error node v5.2.0
66 error npm  v3.3.12
67 error code EREADFILE
68 error Error extracting /home/qoder/.npm/fs/0.0.0/package.tgz archive: ENOENT: no such file or directory, open '/home/qoder/.npm/fs/0.0.0/package.tgz'
69 error If you need help, you may report this error at:
69 error     <https://github.com/npm/npm/issues>
70 verbose exit [ 1, true ]
